{"/home/juliofreitas/courses/pokedex/src/api/requester.ts": {"path":"/home/juliofreitas/courses/pokedex/src/api/requester.ts","statementMap":{"0":{"start":{"line":8,"column":25},"end":{"line":40,"column":1}},"1":{"start":{"line":13,"column":18},"end":{"line":16,"column":4}},"2":{"start":{"line":18,"column":20},"end":{"line":23,"column":3}},"3":{"start":{"line":19,"column":22},"end":{"line":19,"column":28}},"4":{"start":{"line":20,"column":4},"end":{"line":20,"column":74}},"5":{"start":{"line":21,"column":4},"end":{"line":21,"column":59}},"6":{"start":{"line":22,"column":4},"end":{"line":22,"column":21}},"7":{"start":{"line":25,"column":18},"end":{"line":25,"column":55}},"8":{"start":{"line":25,"column":34},"end":{"line":25,"column":55}},"9":{"start":{"line":27,"column":2},"end":{"line":27,"column":55}},"10":{"start":{"line":29,"column":2},"end":{"line":39,"column":4}},"11":{"start":{"line":31,"column":23},"end":{"line":31,"column":48}},"12":{"start":{"line":32,"column":6},"end":{"line":32,"column":22}},"13":{"start":{"line":36,"column":23},"end":{"line":36,"column":55}},"14":{"start":{"line":37,"column":6},"end":{"line":37,"column":22}}},"fnMap":{"0":{"name":"(anonymous_0)","decl":{"start":{"line":8,"column":25},"end":{"line":8,"column":26}},"loc":{"start":{"line":12,"column":5},"end":{"line":40,"column":1}},"line":12},"1":{"name":"(anonymous_1)","decl":{"start":{"line":18,"column":20},"end":{"line":18,"column":21}},"loc":{"start":{"line":18,"column":65},"end":{"line":23,"column":3}},"line":18},"2":{"name":"(anonymous_2)","decl":{"start":{"line":25,"column":18},"end":{"line":25,"column":19}},"loc":{"start":{"line":25,"column":34},"end":{"line":25,"column":55}},"line":25},"3":{"name":"(anonymous_3)","decl":{"start":{"line":30,"column":4},"end":{"line":30,"column":5}},"loc":{"start":{"line":30,"column":63},"end":{"line":33,"column":5}},"line":30},"4":{"name":"(anonymous_4)","decl":{"start":{"line":35,"column":4},"end":{"line":35,"column":5}},"loc":{"start":{"line":35,"column":75},"end":{"line":38,"column":5}},"line":35}},"branchMap":{"0":{"loc":{"start":{"line":20,"column":40},"end":{"line":20,"column":73}},"type":"binary-expr","locations":[{"start":{"line":20,"column":40},"end":{"line":20,"column":51}},{"start":{"line":20,"column":55},"end":{"line":20,"column":73}}],"line":20}},"s":{"0":5,"1":2,"2":2,"3":2,"4":2,"5":2,"6":2,"7":2,"8":0,"9":2,"10":2,"11":1,"12":1,"13":1,"14":1},"f":{"0":2,"1":2,"2":0,"3":1,"4":1},"b":{"0":[2,2]},"_coverageSchema":"1a1c01bbd47fc00a2c39e90264f33305004495a9","hash":"0e7eb631bb38adbf9b0794b8f58c29ebe2c9d2c2"}
,"/home/juliofreitas/courses/pokedex/src/components/bagde/index.tsx": {"path":"/home/juliofreitas/courses/pokedex/src/components/bagde/index.tsx","statementMap":{"0":{"start":{"line":4,"column":21},"end":{"line":6,"column":1}},"1":{"start":{"line":5,"column":2},"end":{"line":5,"column":78}}},"fnMap":{"0":{"name":"(anonymous_0)","decl":{"start":{"line":4,"column":21},"end":{"line":4,"column":22}},"loc":{"start":{"line":5,"column":2},"end":{"line":5,"column":78}},"line":5}},"branchMap":{},"s":{"0":4,"1":1},"f":{"0":1},"b":{},"_coverageSchema":"1a1c01bbd47fc00a2c39e90264f33305004495a9","hash":"29102b80f3b2263ad0a867029b1c341f6b58f066"}
,"/home/juliofreitas/courses/pokedex/src/components/bagde/styles.ts": {"path":"/home/juliofreitas/courses/pokedex/src/components/bagde/styles.ts","statementMap":{"0":{"start":{"line":7,"column":20},"end":{"line":13,"column":1}},"1":{"start":{"line":8,"column":44},"end":{"line":8,"column":74}}},"fnMap":{"0":{"name":"(anonymous_0)","decl":{"start":{"line":8,"column":22},"end":{"line":8,"column":23}},"loc":{"start":{"line":8,"column":44},"end":{"line":8,"column":74}},"line":8}},"branchMap":{},"s":{"0":4,"1":1},"f":{"0":1},"b":{},"_coverageSchema":"1a1c01bbd47fc00a2c39e90264f33305004495a9","hash":"75e0c7e0907a86bf799cf32919db60a5bb7acee1"}
,"/home/juliofreitas/courses/pokedex/src/components/button/index.tsx": {"path":"/home/juliofreitas/courses/pokedex/src/components/button/index.tsx","statementMap":{"0":{"start":{"line":4,"column":22},"end":{"line":8,"column":1}},"1":{"start":{"line":5,"column":2},"end":{"line":7,"column":13}}},"fnMap":{"0":{"name":"(anonymous_0)","decl":{"start":{"line":4,"column":22},"end":{"line":4,"column":23}},"loc":{"start":{"line":5,"column":2},"end":{"line":7,"column":13}},"line":5}},"branchMap":{},"s":{"0":5,"1":25},"f":{"0":25},"b":{},"_coverageSchema":"1a1c01bbd47fc00a2c39e90264f33305004495a9","hash":"87b3e1c550feca8e343ecbef54d1578715d24892"}
,"/home/juliofreitas/courses/pokedex/src/components/button/styles.ts": {"path":"/home/juliofreitas/courses/pokedex/src/components/button/styles.ts","statementMap":{"0":{"start":{"line":3,"column":22},"end":{"line":23,"column":1}},"1":{"start":{"line":5,"column":33},"end":{"line":5,"column":59}},"2":{"start":{"line":6,"column":30},"end":{"line":6,"column":54}},"3":{"start":{"line":7,"column":22},"end":{"line":7,"column":50}},"4":{"start":{"line":21,"column":35},"end":{"line":21,"column":61}}},"fnMap":{"0":{"name":"(anonymous_0)","decl":{"start":{"line":5,"column":22},"end":{"line":5,"column":23}},"loc":{"start":{"line":5,"column":33},"end":{"line":5,"column":59}},"line":5},"1":{"name":"(anonymous_1)","decl":{"start":{"line":6,"column":19},"end":{"line":6,"column":20}},"loc":{"start":{"line":6,"column":30},"end":{"line":6,"column":54}},"line":6},"2":{"name":"(anonymous_2)","decl":{"start":{"line":7,"column":11},"end":{"line":7,"column":12}},"loc":{"start":{"line":7,"column":22},"end":{"line":7,"column":50}},"line":7},"3":{"name":"(anonymous_3)","decl":{"start":{"line":21,"column":24},"end":{"line":21,"column":25}},"loc":{"start":{"line":21,"column":35},"end":{"line":21,"column":61}},"line":21}},"branchMap":{},"s":{"0":5,"1":25,"2":25,"3":25,"4":25},"f":{"0":25,"1":25,"2":25,"3":25},"b":{},"_coverageSchema":"1a1c01bbd47fc00a2c39e90264f33305004495a9","hash":"d9cbeca1a4a512acfad8f6dac662424af86d8ed2"}
,"/home/juliofreitas/courses/pokedex/src/components/card/index.tsx": {"path":"/home/juliofreitas/courses/pokedex/src/components/card/index.tsx","statementMap":{"0":{"start":{"line":3,"column":20},"end":{"line":10,"column":1}},"1":{"start":{"line":4,"column":2},"end":{"line":9,"column":4}}},"fnMap":{"0":{"name":"(anonymous_0)","decl":{"start":{"line":3,"column":20},"end":{"line":3,"column":21}},"loc":{"start":{"line":3,"column":49},"end":{"line":10,"column":1}},"line":3}},"branchMap":{"0":{"loc":{"start":{"line":7,"column":42},"end":{"line":7,"column":54}},"type":"binary-expr","locations":[{"start":{"line":7,"column":42},"end":{"line":7,"column":48}},{"start":{"line":7,"column":52},"end":{"line":7,"column":54}}],"line":7}},"s":{"0":4,"1":1},"f":{"0":1},"b":{"0":[1,1]},"_coverageSchema":"1a1c01bbd47fc00a2c39e90264f33305004495a9","hash":"0b0ddabd24dacb1458a2ae039a233e5ef6bec7e2"}
,"/home/juliofreitas/courses/pokedex/src/components/card/styles.ts": {"path":"/home/juliofreitas/courses/pokedex/src/components/card/styles.ts","statementMap":{"0":{"start":{"line":3,"column":27},"end":{"line":35,"column":1}},"1":{"start":{"line":37,"column":19},"end":{"line":40,"column":1}},"2":{"start":{"line":42,"column":21},"end":{"line":46,"column":1}}},"fnMap":{},"branchMap":{},"s":{"0":4,"1":4,"2":4},"f":{},"b":{},"_coverageSchema":"1a1c01bbd47fc00a2c39e90264f33305004495a9","hash":"5da35ccbb7e8aaf5c38990cd3cccdc71459a9ce8"}
,"/home/juliofreitas/courses/pokedex/src/components/controlList/index.tsx": {"path":"/home/juliofreitas/courses/pokedex/src/components/controlList/index.tsx","statementMap":{"0":{"start":{"line":5,"column":27},"end":{"line":16,"column":1}},"1":{"start":{"line":6,"column":20},"end":{"line":6,"column":55}},"2":{"start":{"line":8,"column":2},"end":{"line":15,"column":4}},"3":{"start":{"line":10,"column":29},"end":{"line":10,"column":67}},"4":{"start":{"line":10,"column":49},"end":{"line":10,"column":66}},"5":{"start":{"line":13,"column":29},"end":{"line":13,"column":59}},"6":{"start":{"line":13,"column":49},"end":{"line":13,"column":58}}},"fnMap":{"0":{"name":"(anonymous_0)","decl":{"start":{"line":5,"column":27},"end":{"line":5,"column":28}},"loc":{"start":{"line":5,"column":33},"end":{"line":16,"column":1}},"line":5},"1":{"name":"(anonymous_1)","decl":{"start":{"line":10,"column":23},"end":{"line":10,"column":24}},"loc":{"start":{"line":10,"column":29},"end":{"line":10,"column":67}},"line":10},"2":{"name":"(anonymous_2)","decl":{"start":{"line":10,"column":39},"end":{"line":10,"column":40}},"loc":{"start":{"line":10,"column":49},"end":{"line":10,"column":66}},"line":10},"3":{"name":"(anonymous_3)","decl":{"start":{"line":13,"column":23},"end":{"line":13,"column":24}},"loc":{"start":{"line":13,"column":29},"end":{"line":13,"column":59}},"line":13},"4":{"name":"(anonymous_4)","decl":{"start":{"line":13,"column":39},"end":{"line":13,"column":40}},"loc":{"start":{"line":13,"column":49},"end":{"line":13,"column":58}},"line":13}},"branchMap":{"0":{"loc":{"start":{"line":10,"column":49},"end":{"line":10,"column":66}},"type":"binary-expr","locations":[{"start":{"line":10,"column":49},"end":{"line":10,"column":53}},{"start":{"line":10,"column":57},"end":{"line":10,"column":66}}],"line":10}},"s":{"0":4,"1":6,"2":6,"3":1,"4":1,"5":1,"6":1},"f":{"0":6,"1":1,"2":1,"3":1,"4":1},"b":{"0":[1,0]},"_coverageSchema":"1a1c01bbd47fc00a2c39e90264f33305004495a9","hash":"4b434645034d3dbebf19513cd502564a97a6a435"}
,"/home/juliofreitas/courses/pokedex/src/components/controlList/styles.ts": {"path":"/home/juliofreitas/courses/pokedex/src/components/controlList/styles.ts","statementMap":{"0":{"start":{"line":3,"column":31},"end":{"line":7,"column":1}}},"fnMap":{},"branchMap":{},"s":{"0":4},"f":{},"b":{},"_coverageSchema":"1a1c01bbd47fc00a2c39e90264f33305004495a9","hash":"8d66e687a39d17f9e89f8a97197fd9f7d0374ad6"}
,"/home/juliofreitas/courses/pokedex/src/components/infoPokemons/index.tsx": {"path":"/home/juliofreitas/courses/pokedex/src/components/infoPokemons/index.tsx","statementMap":{"0":{"start":{"line":5,"column":28},"end":{"line":10,"column":1}},"1":{"start":{"line":6,"column":2},"end":{"line":9,"column":18}}},"fnMap":{"0":{"name":"(anonymous_0)","decl":{"start":{"line":5,"column":28},"end":{"line":5,"column":29}},"loc":{"start":{"line":6,"column":2},"end":{"line":9,"column":18}},"line":6}},"branchMap":{},"s":{"0":5,"1":4},"f":{"0":4},"b":{},"_coverageSchema":"1a1c01bbd47fc00a2c39e90264f33305004495a9","hash":"1af0899b8e9b56912eb2bad5cc96877c17920228"}
,"/home/juliofreitas/courses/pokedex/src/components/infoPokemons/styles.ts": {"path":"/home/juliofreitas/courses/pokedex/src/components/infoPokemons/styles.ts","statementMap":{"0":{"start":{"line":3,"column":27},"end":{"line":22,"column":1}}},"fnMap":{},"branchMap":{},"s":{"0":5},"f":{},"b":{},"_coverageSchema":"1a1c01bbd47fc00a2c39e90264f33305004495a9","hash":"eeaa83a6daf0bc2431b93a7ff30126155ac3df2e"}
,"/home/juliofreitas/courses/pokedex/src/components/input/index.tsx": {"path":"/home/juliofreitas/courses/pokedex/src/components/input/index.tsx","statementMap":{"0":{"start":{"line":4,"column":21},"end":{"line":13,"column":1}},"1":{"start":{"line":5,"column":2},"end":{"line":12,"column":4}}},"fnMap":{"0":{"name":"(anonymous_0)","decl":{"start":{"line":4,"column":21},"end":{"line":4,"column":22}},"loc":{"start":{"line":4,"column":61},"end":{"line":13,"column":1}},"line":4}},"branchMap":{},"s":{"0":5,"1":13},"f":{"0":13},"b":{},"_coverageSchema":"1a1c01bbd47fc00a2c39e90264f33305004495a9","hash":"d04c7ea5f5751c4cc75168c13bb8872074f7400f"}
,"/home/juliofreitas/courses/pokedex/src/components/input/styles.ts": {"path":"/home/juliofreitas/courses/pokedex/src/components/input/styles.ts","statementMap":{"0":{"start":{"line":3,"column":21},"end":{"line":23,"column":1}},"1":{"start":{"line":4,"column":33},"end":{"line":4,"column":64}},"2":{"start":{"line":5,"column":30},"end":{"line":5,"column":54}},"3":{"start":{"line":12,"column":22},"end":{"line":12,"column":50}},"4":{"start":{"line":17,"column":24},"end":{"line":17,"column":50}},"5":{"start":{"line":21,"column":36},"end":{"line":21,"column":62}}},"fnMap":{"0":{"name":"(anonymous_0)","decl":{"start":{"line":4,"column":22},"end":{"line":4,"column":23}},"loc":{"start":{"line":4,"column":33},"end":{"line":4,"column":64}},"line":4},"1":{"name":"(anonymous_1)","decl":{"start":{"line":5,"column":19},"end":{"line":5,"column":20}},"loc":{"start":{"line":5,"column":30},"end":{"line":5,"column":54}},"line":5},"2":{"name":"(anonymous_2)","decl":{"start":{"line":12,"column":11},"end":{"line":12,"column":12}},"loc":{"start":{"line":12,"column":22},"end":{"line":12,"column":50}},"line":12},"3":{"name":"(anonymous_3)","decl":{"start":{"line":17,"column":13},"end":{"line":17,"column":14}},"loc":{"start":{"line":17,"column":24},"end":{"line":17,"column":50}},"line":17},"4":{"name":"(anonymous_4)","decl":{"start":{"line":21,"column":25},"end":{"line":21,"column":26}},"loc":{"start":{"line":21,"column":36},"end":{"line":21,"column":62}},"line":21}},"branchMap":{},"s":{"0":5,"1":13,"2":13,"3":13,"4":13,"5":13},"f":{"0":13,"1":13,"2":13,"3":13,"4":13},"b":{},"_coverageSchema":"1a1c01bbd47fc00a2c39e90264f33305004495a9","hash":"de3b7492a87b0a1715dee2c585f404bb2263d13f"}
,"/home/juliofreitas/courses/pokedex/src/components/list/index.tsx": {"path":"/home/juliofreitas/courses/pokedex/src/components/list/index.tsx","statementMap":{"0":{"start":{"line":4,"column":20},"end":{"line":7,"column":1}}},"fnMap":{},"branchMap":{},"s":{"0":3},"f":{},"b":{},"_coverageSchema":"1a1c01bbd47fc00a2c39e90264f33305004495a9","hash":"5a2807d3612ec651576856fca321f85e4ac64e01"}
,"/home/juliofreitas/courses/pokedex/src/components/list/container/index.tsx": {"path":"/home/juliofreitas/courses/pokedex/src/components/list/container/index.tsx","statementMap":{"0":{"start":{"line":4,"column":25},"end":{"line":6,"column":1}},"1":{"start":{"line":5,"column":2},"end":{"line":5,"column":33}}},"fnMap":{"0":{"name":"(anonymous_0)","decl":{"start":{"line":4,"column":25},"end":{"line":4,"column":26}},"loc":{"start":{"line":4,"column":54},"end":{"line":6,"column":1}},"line":4}},"branchMap":{},"s":{"0":4,"1":1},"f":{"0":1},"b":{},"_coverageSchema":"1a1c01bbd47fc00a2c39e90264f33305004495a9","hash":"8484c12132ef60d570c50e68eb4b663b656ae6ba"}
,"/home/juliofreitas/courses/pokedex/src/components/list/container/styles.ts": {"path":"/home/juliofreitas/courses/pokedex/src/components/list/container/styles.ts","statementMap":{"0":{"start":{"line":3,"column":18},"end":{"line":10,"column":1}}},"fnMap":{},"branchMap":{},"s":{"0":4},"f":{},"b":{},"_coverageSchema":"1a1c01bbd47fc00a2c39e90264f33305004495a9","hash":"882c8dee104be0214b04f6bef042ebf4baad1b93"}
,"/home/juliofreitas/courses/pokedex/src/components/list/item/index.tsx": {"path":"/home/juliofreitas/courses/pokedex/src/components/list/item/index.tsx","statementMap":{"0":{"start":{"line":3,"column":20},"end":{"line":15,"column":1}},"1":{"start":{"line":4,"column":2},"end":{"line":14,"column":4}}},"fnMap":{"0":{"name":"(anonymous_0)","decl":{"start":{"line":3,"column":20},"end":{"line":3,"column":21}},"loc":{"start":{"line":3,"column":58},"end":{"line":15,"column":1}},"line":3}},"branchMap":{"0":{"loc":{"start":{"line":9,"column":9},"end":{"line":11,"column":9}},"type":"binary-expr","locations":[{"start":{"line":9,"column":9},"end":{"line":9,"column":16}},{"start":{"line":10,"column":10},"end":{"line":10,"column":80}}],"line":9}},"s":{"0":4,"1":2},"f":{"0":2},"b":{"0":[2,1]},"_coverageSchema":"1a1c01bbd47fc00a2c39e90264f33305004495a9","hash":"dd1fa4f7157c7d1b186153da46068b004206d12a"}
,"/home/juliofreitas/courses/pokedex/src/components/list/item/styles.ts": {"path":"/home/juliofreitas/courses/pokedex/src/components/list/item/styles.ts","statementMap":{"0":{"start":{"line":3,"column":27},"end":{"line":37,"column":1}},"1":{"start":{"line":39,"column":19},"end":{"line":45,"column":1}},"2":{"start":{"line":43,"column":27},"end":{"line":43,"column":56}},"3":{"start":{"line":47,"column":21},"end":{"line":51,"column":1}},"4":{"start":{"line":53,"column":28},"end":{"line":60,"column":1}}},"fnMap":{"0":{"name":"(anonymous_0)","decl":{"start":{"line":43,"column":16},"end":{"line":43,"column":17}},"loc":{"start":{"line":43,"column":27},"end":{"line":43,"column":56}},"line":43}},"branchMap":{},"s":{"0":4,"1":4,"2":2,"3":4,"4":4},"f":{"0":2},"b":{},"_coverageSchema":"1a1c01bbd47fc00a2c39e90264f33305004495a9","hash":"d9ed617ae47f19880d587e64b9590b911cceb099"}
,"/home/juliofreitas/courses/pokedex/src/components/loading/index.tsx": {"path":"/home/juliofreitas/courses/pokedex/src/components/loading/index.tsx","statementMap":{"0":{"start":{"line":7,"column":37},"end":{"line":21,"column":1}},"1":{"start":{"line":8,"column":2},"end":{"line":8,"column":30}},"2":{"start":{"line":8,"column":18},"end":{"line":8,"column":30}},"3":{"start":{"line":10,"column":2},"end":{"line":20,"column":4}}},"fnMap":{"0":{"name":"(anonymous_0)","decl":{"start":{"line":7,"column":37},"end":{"line":7,"column":38}},"loc":{"start":{"line":7,"column":69},"end":{"line":21,"column":1}},"line":7}},"branchMap":{"0":{"loc":{"start":{"line":8,"column":2},"end":{"line":8,"column":30}},"type":"if","locations":[{"start":{"line":8,"column":2},"end":{"line":8,"column":30}},{"start":{},"end":{}}],"line":8}},"s":{"0":5,"1":3,"2":1,"3":2},"f":{"0":3},"b":{"0":[1,2]},"_coverageSchema":"1a1c01bbd47fc00a2c39e90264f33305004495a9","hash":"52a1e6902cee5c09320a30d3d4682b101a4156bd"}
,"/home/juliofreitas/courses/pokedex/src/components/loading/style.tsx": {"path":"/home/juliofreitas/courses/pokedex/src/components/loading/style.tsx","statementMap":{"0":{"start":{"line":3,"column":32},"end":{"line":23,"column":1}},"1":{"start":{"line":25,"column":27},"end":{"line":51,"column":1}}},"fnMap":{},"branchMap":{},"s":{"0":5,"1":5},"f":{},"b":{},"_coverageSchema":"1a1c01bbd47fc00a2c39e90264f33305004495a9","hash":"f217ece9c4d0a35c0a4aa29238966414a60d8f42"}
,"/home/juliofreitas/courses/pokedex/src/components/pokemonDatails/index.tsx": {"path":"/home/juliofreitas/courses/pokedex/src/components/pokemonDatails/index.tsx","statementMap":{"0":{"start":{"line":8,"column":30},"end":{"line":34,"column":1}},"1":{"start":{"line":9,"column":18},"end":{"line":9,"column":53}},"2":{"start":{"line":11,"column":2},"end":{"line":16,"column":6}},"3":{"start":{"line":12,"column":4},"end":{"line":16,"column":6}},"4":{"start":{"line":18,"column":35},"end":{"line":18,"column":42}},"5":{"start":{"line":20,"column":2},"end":{"line":33,"column":4}},"6":{"start":{"line":28,"column":12},"end":{"line":28,"column":74}}},"fnMap":{"0":{"name":"(anonymous_0)","decl":{"start":{"line":8,"column":30},"end":{"line":8,"column":31}},"loc":{"start":{"line":8,"column":36},"end":{"line":34,"column":1}},"line":8},"1":{"name":"(anonymous_1)","decl":{"start":{"line":27,"column":22},"end":{"line":27,"column":23}},"loc":{"start":{"line":28,"column":12},"end":{"line":28,"column":74}},"line":28}},"branchMap":{"0":{"loc":{"start":{"line":11,"column":2},"end":{"line":16,"column":6}},"type":"if","locations":[{"start":{"line":11,"column":2},"end":{"line":16,"column":6}},{"start":{},"end":{}}],"line":11},"1":{"loc":{"start":{"line":11,"column":6},"end":{"line":11,"column":32}},"type":"binary-expr","locations":[{"start":{"line":11,"column":6},"end":{"line":11,"column":14}},{"start":{"line":11,"column":18},"end":{"line":11,"column":32}}],"line":11},"2":{"loc":{"start":{"line":23,"column":34},"end":{"line":23,"column":61}},"type":"binary-expr","locations":[{"start":{"line":23,"column":34},"end":{"line":23,"column":55}},{"start":{"line":23,"column":59},"end":{"line":23,"column":61}}],"line":23}},"s":{"0":4,"1":7,"2":5,"3":4,"4":1,"5":1,"6":2},"f":{"0":7,"1":2},"b":{"0":[4,1],"1":[5,3],"2":[1,0]},"_coverageSchema":"1a1c01bbd47fc00a2c39e90264f33305004495a9","hash":"822dfe3101541806215fc11e4c90eb097c38145b"}
,"/home/juliofreitas/courses/pokedex/src/components/pokemonDatails/styles.ts": {"path":"/home/juliofreitas/courses/pokedex/src/components/pokemonDatails/styles.ts","statementMap":{"0":{"start":{"line":6,"column":37},"end":{"line":29,"column":1}},"1":{"start":{"line":21,"column":4},"end":{"line":28,"column":3}},"2":{"start":{"line":31,"column":19},"end":{"line":33,"column":1}}},"fnMap":{"0":{"name":"(anonymous_0)","decl":{"start":{"line":20,"column":4},"end":{"line":20,"column":5}},"loc":{"start":{"line":21,"column":4},"end":{"line":28,"column":3}},"line":21}},"branchMap":{"0":{"loc":{"start":{"line":21,"column":4},"end":{"line":28,"column":3}},"type":"binary-expr","locations":[{"start":{"line":21,"column":4},"end":{"line":21,"column":14}},{"start":{"line":22,"column":4},"end":{"line":28,"column":3}}],"line":21}},"s":{"0":4,"1":4,"2":4},"f":{"0":4},"b":{"0":[4,4]},"_coverageSchema":"1a1c01bbd47fc00a2c39e90264f33305004495a9","hash":"bed853949b58d8417d3b3792d6ba60020adaa6ba"}
,"/home/juliofreitas/courses/pokedex/src/components/pokemonSearch/index.tsx": {"path":"/home/juliofreitas/courses/pokedex/src/components/pokemonSearch/index.tsx","statementMap":{"0":{"start":{"line":6,"column":29},"end":{"line":20,"column":1}},"1":{"start":{"line":7,"column":44},"end":{"line":7,"column":64}},"2":{"start":{"line":8,"column":27},"end":{"line":8,"column":64}},"3":{"start":{"line":9,"column":2},"end":{"line":19,"column":4}},"4":{"start":{"line":13,"column":25},"end":{"line":13,"column":64}},"5":{"start":{"line":17,"column":29},"end":{"line":17,"column":60}}},"fnMap":{"0":{"name":"(anonymous_0)","decl":{"start":{"line":6,"column":29},"end":{"line":6,"column":30}},"loc":{"start":{"line":6,"column":35},"end":{"line":20,"column":1}},"line":6},"1":{"name":"(anonymous_1)","decl":{"start":{"line":13,"column":18},"end":{"line":13,"column":19}},"loc":{"start":{"line":13,"column":25},"end":{"line":13,"column":64}},"line":13},"2":{"name":"(anonymous_2)","decl":{"start":{"line":17,"column":23},"end":{"line":17,"column":24}},"loc":{"start":{"line":17,"column":29},"end":{"line":17,"column":60}},"line":17}},"branchMap":{},"s":{"0":4,"1":11,"2":11,"3":11,"4":7,"5":1},"f":{"0":11,"1":7,"2":1},"b":{},"_coverageSchema":"1a1c01bbd47fc00a2c39e90264f33305004495a9","hash":"3e1df909ae3a83956f3abe93eb68f397294aeff2"}
,"/home/juliofreitas/courses/pokedex/src/pages/home/index.tsx": {"path":"/home/juliofreitas/courses/pokedex/src/pages/home/index.tsx","statementMap":{"0":{"start":{"line":11,"column":20},"end":{"line":40,"column":1}},"1":{"start":{"line":12,"column":19},"end":{"line":12,"column":32}},"2":{"start":{"line":14,"column":2},"end":{"line":14,"column":24}},"3":{"start":{"line":15,"column":2},"end":{"line":39,"column":4}},"4":{"start":{"line":27,"column":10},"end":{"line":35,"column":12}}},"fnMap":{"0":{"name":"(anonymous_0)","decl":{"start":{"line":11,"column":20},"end":{"line":11,"column":21}},"loc":{"start":{"line":11,"column":26},"end":{"line":40,"column":1}},"line":11},"1":{"name":"(anonymous_1)","decl":{"start":{"line":26,"column":27},"end":{"line":26,"column":28}},"loc":{"start":{"line":27,"column":10},"end":{"line":35,"column":12}},"line":27}},"branchMap":{"0":{"loc":{"start":{"line":17,"column":7},"end":{"line":17,"column":60}},"type":"binary-expr","locations":[{"start":{"line":17,"column":7},"end":{"line":17,"column":21}},{"start":{"line":17,"column":25},"end":{"line":17,"column":60}}],"line":17},"1":{"loc":{"start":{"line":30,"column":20},"end":{"line":30,"column":56}},"type":"binary-expr","locations":[{"start":{"line":30,"column":20},"end":{"line":30,"column":50}},{"start":{"line":30,"column":54},"end":{"line":30,"column":56}}],"line":30}},"s":{"0":1,"1":4,"2":4,"3":4,"4":1},"f":{"0":4,"1":1},"b":{"0":[4,3],"1":[1,0]},"_coverageSchema":"1a1c01bbd47fc00a2c39e90264f33305004495a9","hash":"c0de4b19f95e822ac0ce84d81cb17cb82e06b2e4"}
,"/home/juliofreitas/courses/pokedex/src/pages/home/styled.ts": {"path":"/home/juliofreitas/courses/pokedex/src/pages/home/styled.ts","statementMap":{"0":{"start":{"line":3,"column":21},"end":{"line":5,"column":1}},"1":{"start":{"line":7,"column":25},"end":{"line":16,"column":1}}},"fnMap":{},"branchMap":{},"s":{"0":1,"1":1},"f":{},"b":{},"_coverageSchema":"1a1c01bbd47fc00a2c39e90264f33305004495a9","hash":"d5ca437386d3feeda5fb9d465ff12eee0472aa05"}
,"/home/juliofreitas/courses/pokedex/src/state/atom.ts": {"path":"/home/juliofreitas/courses/pokedex/src/state/atom.ts","statementMap":{"0":{"start":{"line":4,"column":28},"end":{"line":7,"column":2}},"1":{"start":{"line":9,"column":34},"end":{"line":12,"column":2}},"2":{"start":{"line":14,"column":32},"end":{"line":17,"column":2}}},"fnMap":{},"branchMap":{},"s":{"0":4,"1":4,"2":4},"f":{},"b":{},"_coverageSchema":"1a1c01bbd47fc00a2c39e90264f33305004495a9","hash":"0aa61321e6198e9d7e954f260da6f3cb15471054"}
,"/home/juliofreitas/courses/pokedex/src/utils/test/index.tsx": {"path":"/home/juliofreitas/courses/pokedex/src/utils/test/index.tsx","statementMap":{"0":{"start":{"line":5,"column":31},"end":{"line":6,"column":67}},"1":{"start":{"line":6,"column":2},"end":{"line":6,"column":67}}},"fnMap":{"0":{"name":"(anonymous_0)","decl":{"start":{"line":5,"column":31},"end":{"line":5,"column":32}},"loc":{"start":{"line":6,"column":2},"end":{"line":6,"column":67}},"line":6}},"branchMap":{},"s":{"0":12,"1":21},"f":{"0":21},"b":{},"_coverageSchema":"1a1c01bbd47fc00a2c39e90264f33305004495a9","hash":"42a975fd162411a315744698afedfa2b325392d9"}
}
