TN:
SF:src/api/requester.ts
FN:8,(anonymous_0)
FN:18,(anonymous_1)
FN:25,(anonymous_2)
FN:30,(anonymous_3)
FN:35,(anonymous_4)
FNF:5
FNH:4
FNDA:2,(anonymous_0)
FNDA:2,(anonymous_1)
FNDA:0,(anonymous_2)
FNDA:1,(anonymous_3)
FNDA:1,(anonymous_4)
DA:8,5
DA:13,2
DA:18,2
DA:19,2
DA:20,2
DA:21,2
DA:22,2
DA:25,2
DA:27,2
DA:29,2
DA:31,1
DA:32,1
DA:36,1
DA:37,1
LF:14
LH:14
BRDA:20,0,0,2
BRDA:20,0,1,2
BRF:2
BRH:2
end_of_record
TN:
SF:src/components/bagde/index.tsx
FN:4,(anonymous_0)
FNF:1
FNH:1
FNDA:1,(anonymous_0)
DA:4,4
DA:5,1
LF:2
LH:2
BRF:0
BRH:0
end_of_record
TN:
SF:src/components/bagde/styles.ts
FN:8,(anonymous_0)
FNF:1
FNH:1
FNDA:1,(anonymous_0)
DA:7,4
DA:8,1
LF:2
LH:2
BRF:0
BRH:0
end_of_record
TN:
SF:src/components/button/index.tsx
FN:4,(anonymous_0)
FNF:1
FNH:1
FNDA:25,(anonymous_0)
DA:4,5
DA:5,25
LF:2
LH:2
BRF:0
BRH:0
end_of_record
TN:
SF:src/components/button/styles.ts
FN:5,(anonymous_0)
FN:6,(anonymous_1)
FN:7,(anonymous_2)
FN:21,(anonymous_3)
FNF:4
FNH:4
FNDA:25,(anonymous_0)
FNDA:25,(anonymous_1)
FNDA:25,(anonymous_2)
FNDA:25,(anonymous_3)
DA:3,5
DA:5,25
DA:6,25
DA:7,25
DA:21,25
LF:5
LH:5
BRF:0
BRH:0
end_of_record
TN:
SF:src/components/card/index.tsx
FN:3,(anonymous_0)
FNF:1
FNH:1
FNDA:1,(anonymous_0)
DA:3,4
DA:4,1
LF:2
LH:2
BRDA:7,0,0,1
BRDA:7,0,1,1
BRF:2
BRH:2
end_of_record
TN:
SF:src/components/card/styles.ts
FNF:0
FNH:0
DA:3,4
DA:37,4
DA:42,4
LF:3
LH:3
BRF:0
BRH:0
end_of_record
TN:
SF:src/components/controlList/index.tsx
FN:5,(anonymous_0)
FN:10,(anonymous_1)
FN:10,(anonymous_2)
FN:13,(anonymous_3)
FN:13,(anonymous_4)
FNF:5
FNH:5
FNDA:6,(anonymous_0)
FNDA:1,(anonymous_1)
FNDA:1,(anonymous_2)
FNDA:1,(anonymous_3)
FNDA:1,(anonymous_4)
DA:5,4
DA:6,6
DA:8,6
DA:10,1
DA:13,1
LF:5
LH:5
BRDA:10,0,0,1
BRDA:10,0,1,0
BRF:2
BRH:1
end_of_record
TN:
SF:src/components/controlList/styles.ts
FNF:0
FNH:0
DA:3,4
LF:1
LH:1
BRF:0
BRH:0
end_of_record
TN:
SF:src/components/infoPokemons/index.tsx
FN:5,(anonymous_0)
FNF:1
FNH:1
FNDA:4,(anonymous_0)
DA:5,5
DA:6,4
LF:2
LH:2
BRF:0
BRH:0
end_of_record
TN:
SF:src/components/infoPokemons/styles.ts
FNF:0
FNH:0
DA:3,5
LF:1
LH:1
BRF:0
BRH:0
end_of_record
TN:
SF:src/components/input/index.tsx
FN:4,(anonymous_0)
FNF:1
FNH:1
FNDA:13,(anonymous_0)
DA:4,5
DA:5,13
LF:2
LH:2
BRF:0
BRH:0
end_of_record
TN:
SF:src/components/input/styles.ts
FN:4,(anonymous_0)
FN:5,(anonymous_1)
FN:12,(anonymous_2)
FN:17,(anonymous_3)
FN:21,(anonymous_4)
FNF:5
FNH:5
FNDA:13,(anonymous_0)
FNDA:13,(anonymous_1)
FNDA:13,(anonymous_2)
FNDA:13,(anonymous_3)
FNDA:13,(anonymous_4)
DA:3,5
DA:4,13
DA:5,13
DA:12,13
DA:17,13
DA:21,13
LF:6
LH:6
BRF:0
BRH:0
end_of_record
TN:
SF:src/components/list/index.tsx
FNF:0
FNH:0
DA:4,3
LF:1
LH:1
BRF:0
BRH:0
end_of_record
TN:
SF:src/components/list/container/index.tsx
FN:4,(anonymous_0)
FNF:1
FNH:1
FNDA:1,(anonymous_0)
DA:4,4
DA:5,1
LF:2
LH:2
BRF:0
BRH:0
end_of_record
TN:
SF:src/components/list/container/styles.ts
FNF:0
FNH:0
DA:3,4
LF:1
LH:1
BRF:0
BRH:0
end_of_record
TN:
SF:src/components/list/item/index.tsx
FN:3,(anonymous_0)
FNF:1
FNH:1
FNDA:2,(anonymous_0)
DA:3,4
DA:4,2
LF:2
LH:2
BRDA:9,0,0,2
BRDA:9,0,1,1
BRF:2
BRH:2
end_of_record
TN:
SF:src/components/list/item/styles.ts
FN:43,(anonymous_0)
FNF:1
FNH:1
FNDA:2,(anonymous_0)
DA:3,4
DA:39,4
DA:43,2
DA:47,4
DA:53,4
LF:5
LH:5
BRF:0
BRH:0
end_of_record
TN:
SF:src/components/loading/index.tsx
FN:7,(anonymous_0)
FNF:1
FNH:1
FNDA:3,(anonymous_0)
DA:7,5
DA:8,3
DA:10,2
LF:3
LH:3
BRDA:8,0,0,1
BRDA:8,0,1,2
BRF:2
BRH:2
end_of_record
TN:
SF:src/components/loading/style.tsx
FNF:0
FNH:0
DA:3,5
DA:25,5
LF:2
LH:2
BRF:0
BRH:0
end_of_record
TN:
SF:src/components/pokemonDatails/index.tsx
FN:8,(anonymous_0)
FN:27,(anonymous_1)
FNF:2
FNH:2
FNDA:7,(anonymous_0)
FNDA:2,(anonymous_1)
DA:8,4
DA:9,7
DA:11,5
DA:12,4
DA:18,1
DA:20,1
DA:28,2
LF:7
LH:7
BRDA:11,0,0,4
BRDA:11,0,1,1
BRDA:11,1,0,5
BRDA:11,1,1,3
BRDA:23,2,0,1
BRDA:23,2,1,0
BRF:6
BRH:5
end_of_record
TN:
SF:src/components/pokemonDatails/styles.ts
FN:20,(anonymous_0)
FNF:1
FNH:1
FNDA:4,(anonymous_0)
DA:6,4
DA:21,4
DA:31,4
LF:3
LH:3
BRDA:21,0,0,4
BRDA:21,0,1,4
BRF:2
BRH:2
end_of_record
TN:
SF:src/components/pokemonSearch/index.tsx
FN:6,(anonymous_0)
FN:13,(anonymous_1)
FN:17,(anonymous_2)
FNF:3
FNH:3
FNDA:11,(anonymous_0)
FNDA:7,(anonymous_1)
FNDA:1,(anonymous_2)
DA:6,4
DA:7,11
DA:8,11
DA:9,11
DA:13,7
DA:17,1
LF:6
LH:6
BRF:0
BRH:0
end_of_record
TN:
SF:src/pages/home/index.tsx
FN:11,(anonymous_0)
FN:26,(anonymous_1)
FNF:2
FNH:2
FNDA:4,(anonymous_0)
FNDA:1,(anonymous_1)
DA:11,1
DA:12,4
DA:14,4
DA:15,4
DA:27,1
LF:5
LH:5
BRDA:17,0,0,4
BRDA:17,0,1,3
BRDA:30,1,0,1
BRDA:30,1,1,0
BRF:4
BRH:3
end_of_record
TN:
SF:src/pages/home/styled.ts
FNF:0
FNH:0
DA:3,1
DA:7,1
LF:2
LH:2
BRF:0
BRH:0
end_of_record
TN:
SF:src/state/atom.ts
FNF:0
FNH:0
DA:4,4
DA:9,4
DA:14,4
LF:3
LH:3
BRF:0
BRH:0
end_of_record
TN:
SF:src/utils/test/index.tsx
FN:5,(anonymous_0)
FNF:1
FNH:1
FNDA:21,(anonymous_0)
DA:5,12
DA:6,21
LF:2
LH:2
BRF:0
BRH:0
end_of_record
